<?xml version="1.0" encoding="UTF-8"?>
<testsuite xmlns:xsi="http://www.w3.org/2001/XMLSchema-instance" xsi:noNamespaceSchemaLocation="https://maven.apache.org/surefire/maven-surefire-plugin/xsd/surefire-test-report.xsd" version="3.0.2" name="TestSuite" time="13.005" tests="1" errors="0" skipped="0" failures="0">
  <properties>
[...]
</properties>
  <testcase name="runScenario[&quot;Get a user by ID&quot;, &quot;Get User&quot;](1)" classname="org.api.qa.test.runner.Runner" time="10.105">
    <system-out><![CDATA[
@ui @smoke
Scenario: Get a user by ID                     &amp#27;[90m# src/test/resources/features/reqres/GetUser.feature:7&amp#27;[0m
Payloads class loaded
API client initialized
Run Before each step in cucumber scenario step
  &amp#27;[32mGiven &amp#27;[0m&amp#27;[32mI set the base url &amp#27;[0m&amp#27;[32m&amp#27;[1m"https://reqres.in"&amp#27;[0m &amp#27;[90m# org.api.qa.test.stepDefinitions.GetUserStep.i_set_the_base_url(java.lang.String)&amp#27;[0m
Run After each step in cucumber scenario step
Run Before each step in cucumber scenario step
GET request to: /api/users/2
Status Text: OK
Status: 200
Body: 
  &amp#27;[32mGiven &amp#27;[0m&amp#27;[32mI send a GET request to &amp#27;[0m&amp#27;[32m&amp#27;[1m"/api/users/2"&amp#27;[0m &amp#27;[90m# org.api.qa.test.stepDefinitions.GetUserStep.i_send_a_get_request_to(java.lang.String)&amp#27;[0m
Run After each step in cucumber scenario step
Run Before each step in cucumber scenario step
Response status code is: 200
Status Text: OK
Status: 200
Body: [ {
  "id" : 7650819,
  "name" : "Trilokesh Shukla",
  "email" : "shukla_trilokesh@hagenes-okon.test",
  "gender" : "female",
  "status" : "active"
}, {
  "id" : 7650818,
  "name" : "Keerti Chattopadhyay",
  "email" : "keerti_chattopadhyay@hand.test",
  "gender" : "male",
  "status" : "active"
}, {
  "id" : 7650817,
  "name" : "Puneet Khan Ret.",
  "email" : "ret_khan_puneet@rosenbaum.test",
  "gender" : "female",
  "status" : "inactive"
}, {
  "id" : 7650816,
  "name" : "Karthik Banerjee",
  "email" : "banerjee_karthik@hand.test",
  "gender" : "female",
  "status" : "active"
}, {
  "id" : 7650815,
  "name" : "Vasudeva Verma",
  "email" : "vasudeva_verma@smitham.example",
  "gender" : "male",
  "status" : "active"
}, {
  "id" : 7650814,
  "name" : "Baladitya Jha",
  "email" : "jha_baladitya@bednar.example",
  "gender" : "female",
  "status" : "inactive"
}, {
  "id" : 7650812,
  "name" : "Msgr. Arjun Banerjee",
  "email" : "banerjee_msgr_arjun@lynch.example",
  "gender" : "male",
  "status" : "inactive"
}, {
  "id" : 7650811,
  "name" : "Lila Khan LLD",
  "email" : "lila_khan_lld@damore-collins.test",
  "gender" : "male",
  "status" : "active"
}, {
  "id" : 7650810,
  "name" : "Amrita Embranthiri",
  "email" : "embranthiri_amrita@cruickshank-williamson.example",
  "gender" : "male",
  "status" : "inactive"
}, {
  "id" : 7650809,
  "name" : "The Hon. Ganaka Banerjee",
  "email" : "hon_the_ganaka_banerjee@price.test",
  "gender" : "male",
  "status" : "active"
} ]
true
ID: 7650819
Url: https://gorest.co.in/public/v2/users
Content Header : application/json; charset=utf-8
Headers: {date=Thu, 23 Jan 2025 08:16:20 GMT, content-type=application/json; charset=utf-8, transfer-encoding=chunked, connection=keep-alive, cache-control=max-age=0, private, must-revalidate, etag=W/"382676b09c858542f3d54f45eb9ad6b3", feature-policy=camera 'none'; gyroscope 'none'; microphone 'none'; usb 'none'; fullscreen 'self', referrer-policy=strict-origin-when-cross-origin, vary=Origin, x-content-type-options=nosniff, x-download-options=noopen, x-frame-options=SAMEORIGIN, x-links-current=https://gorest.co.in/public/v2/users?page=1, x-links-next=https://gorest.co.in/public/v2/users?page=2, x-links-previous=, x-pagination-limit=10, x-pagination-page=1, x-pagination-pages=293, x-pagination-total=2926, x-permitted-cross-domain-policies=none, x-request-id=14524e09-d1b6-4577-a6dd-8472465380f8, x-runtime=0.032041, x-xss-protection=0, cf-cache-status=DYNAMIC, report-to={"endpoints":[{"url":"https:\/\/a.nel.cloudflare.com\/report\/v4?s=Ek%2BTdCt6C0gyDiHsMDYelYVGe8BBL2RyGrbVzyGjvyRaVhii1Dp%2BS88X6tNMCpbfr7R1bwRAPGEy8kvd9yO5EndA04Y7QbhNAQmmAOLzDdkWpQ92TyjzNOSEadpcib4%3D"}],"group":"cf-nel","max_age":604800}, nel={"success_fraction":0,"report_to":"cf-nel","max_age":604800}, server=cloudflare, cf-ray=9066574c68117402-JNB, content-encoding=br, alt-svc=h3=":443"; ma=86400, server-timing=cfL4;desc="?proto=TCP&rtt=6677&min_rtt=6677&rtt_var=3338&sent=5&recv=6&lost=0&retrans=1&sent_bytes=3228&recv_bytes=687&delivery_rate=55522&cwnd=248&unsent_bytes=0&cid=8a3b57a9d8fd489a&ts=1041&x=0"}
Body response:[{"id":7650819,"name":"Trilokesh Shukla","email":"shukla_trilokesh@hagenes-okon.test","gender":"female","status":"active"},{"id":7650818,"name":"Keerti Chattopadhyay","email":"keerti_chattopadhyay@hand.test","gender":"male","status":"active"},{"id":7650817,"name":"Puneet Khan Ret.","email":"ret_khan_puneet@rosenbaum.test","gender":"female","status":"inactive"},{"id":7650816,"name":"Karthik Banerjee","email":"banerjee_karthik@hand.test","gender":"female","status":"active"},{"id":7650815,"name":"Vasudeva Verma","email":"vasudeva_verma@smitham.example","gender":"male","status":"active"},{"id":7650814,"name":"Baladitya Jha","email":"jha_baladitya@bednar.example","gender":"female","status":"inactive"},{"id":7650812,"name":"Msgr. Arjun Banerjee","email":"banerjee_msgr_arjun@lynch.example","gender":"male","status":"inactive"},{"id":7650811,"name":"Lila Khan LLD","email":"lila_khan_lld@damore-collins.test","gender":"male","status":"active"},{"id":7650810,"name":"Amrita Embranthiri","email":"embranthiri_amrita@cruickshank-williamson.example","gender":"male","status":"inactive"},{"id":7650809,"name":"The Hon. Ganaka Banerjee","email":"hon_the_ganaka_banerjee@price.test","gender":"male","status":"active"}]
================================================
text: 7650819
ID: 7650819
  &amp#27;[32mThen &amp#27;[0m&amp#27;[32mthe response status code should be &amp#27;[0m&amp#27;[32m&amp#27;[1m200&amp#27;[0m  &amp#27;[90m# org.api.qa.test.stepDefinitions.GetUserStep.the_response_status_code_should_be(java.lang.Integer)&amp#27;[0m
Run After each step in cucumber scenario step
Closing API client
api response body is disposed
]]></system-out>
    <system-err><![CDATA[SLF4J: Failed to load class "org.slf4j.impl.StaticLoggerBinder".
SLF4J: Defaulting to no-operation (NOP) logger implementation
SLF4J: See http://www.slf4j.org/codes.html#StaticLoggerBinder for further details.
]]></system-err>
  </testcase>
</testsuite>