<?xml version="1.0" encoding="UTF-8"?>
<testng-results ignored="0" total="1" passed="1" failed="0" skipped="0">
  <reporter-output>
  </reporter-output>
  <suite started-at="2025-01-23T10:16:10 SAST" name="All Test Suite" finished-at="2025-01-23T10:16:23 SAST" duration-ms="12549">
    <groups>
      <group name="cucumber">
        <method signature="AbstractTestNGCucumberTests.runScenario(io.cucumber.testng.PickleWrapper,io.cucumber.testng.FeatureWrapper)[pri:0, instance:org.api.qa.test.runner.Runner@1bb5a082]" name="runScenario" class="io.cucumber.testng.AbstractTestNGCucumberTests"/>
      </group> <!-- cucumber -->
    </groups>
    <test started-at="2025-01-23T10:16:10 SAST" name="C:/Users/groov/IdeaProjects/Test-Automation/ApiTesting" finished-at="2025-01-23T10:16:23 SAST" duration-ms="12549">
      <class name="org.api.qa.test.runner.Runner">
        <test-method is-config="true" signature="setUpClass(org.testng.ITestContext)[pri:0, instance:org.api.qa.test.runner.Runner@1bb5a082]" started-at="2025-01-23T10:16:10 SAST" name="setUpClass" finished-at="2025-01-23T10:16:11 SAST" duration-ms="520" status="PASS">
          <params>
            <param index="0">
              <value>
                <![CDATA[org.testng.TestRunner@2b9f74d0]]>
              </value>
            </param>
          </params>
          <reporter-output>
          </reporter-output>
        </test-method> <!-- setUpClass -->
        <test-method signature="runScenario(io.cucumber.testng.PickleWrapper,io.cucumber.testng.FeatureWrapper)[pri:0, instance:org.api.qa.test.runner.Runner@1bb5a082]" started-at="2025-01-23T10:16:11 SAST" name="runScenario" description="Runs Cucumber Scenarios" data-provider="scenarios" finished-at="2025-01-23T10:16:21 SAST" duration-ms="10101" status="PASS">
          <params>
            <param index="0">
              <value>
                <![CDATA["Get a user by ID"]]>
              </value>
            </param>
            <param index="1">
              <value>
                <![CDATA["Get User"]]>
              </value>
            </param>
          </params>
          <reporter-output>
          </reporter-output>
        </test-method> <!-- runScenario -->
        <test-method is-config="true" signature="tearDownClass()[pri:0, instance:org.api.qa.test.runner.Runner@1bb5a082]" started-at="2025-01-23T10:16:21 SAST" name="tearDownClass" finished-at="2025-01-23T10:16:23 SAST" duration-ms="1891" status="PASS">
          <reporter-output>
          </reporter-output>
        </test-method> <!-- tearDownClass -->
      </class> <!-- org.api.qa.test.runner.Runner -->
    </test> <!-- C:/Users/groov/IdeaProjects/Test-Automation/ApiTesting -->
  </suite> <!-- All Test Suite -->
</testng-results>
